2019-02-17 20:52:16,726 INFO [main] c.l.l.LearncamelcomponentApplication [StartupInfoLogger.java:48] Starting LearncamelcomponentApplication on mordoc-X550LN with PID 23678 (/home/mordoc/DossierTravail/JavaProjets/Spring-Boot/apacheUdemy/learncamelcomponent/target/classes started by mordoc in /home/mordoc/DossierTravail/JavaProjets/Spring-Boot/apacheUdemy/learncamelcomponent)
2019-02-17 20:52:16,728 INFO [main] c.l.l.LearncamelcomponentApplication [SpringApplication.java:597] The following profiles are active: activemq-dev
2019-02-17 20:52:16,798 INFO [main] o.s.b.c.e.AnnotationConfigEmbeddedWebApplicationContext [AbstractApplicationContext.java:583] Refreshing org.springframework.boot.context.embedded.AnnotationConfigEmbeddedWebApplicationContext@6a6cb05c: startup date [Sun Feb 17 20:52:16 CET 2019]; root of context hierarchy
2019-02-17 20:52:17,071 INFO [background-preinit] o.h.v.i.u.Version [Version.java:30] HV000001: Hibernate Validator 5.3.6.Final
2019-02-17 20:52:18,758 INFO [main] o.s.c.s.PostProcessorRegistrationDelegate$BeanPostProcessorChecker [PostProcessorRegistrationDelegate.java:327] Bean 'org.apache.camel.spring.boot.CamelAutoConfiguration' of type [org.apache.camel.spring.boot.CamelAutoConfiguration$$EnhancerBySpringCGLIB$$f9624537] is not eligible for getting processed by all BeanPostProcessors (for example: not eligible for auto-proxying)
2019-02-17 20:52:19,353 INFO [main] o.s.b.c.e.t.TomcatEmbeddedServletContainer [TomcatEmbeddedServletContainer.java:89] Tomcat initialized with port(s): 8080 (http)
2019-02-17 20:52:19,359 INFO [main] o.a.c.c.StandardService [DirectJDKLog.java:179] Starting service [Tomcat]
2019-02-17 20:52:19,360 INFO [main] o.a.c.c.StandardEngine [DirectJDKLog.java:179] Starting Servlet Engine: Apache Tomcat/8.5.23
2019-02-17 20:52:19,425 INFO [localhost-startStop-1] o.a.c.c.C.[.[.[/] [DirectJDKLog.java:179] Initializing Spring embedded WebApplicationContext
2019-02-17 20:52:19,426 INFO [localhost-startStop-1] o.s.w.c.ContextLoader [EmbeddedWebApplicationContext.java:276] Root WebApplicationContext: initialization completed in 2628 ms
2019-02-17 20:52:19,576 INFO [localhost-startStop-1] o.s.b.w.s.ServletRegistrationBean [ServletRegistrationBean.java:190] Mapping servlet: 'dispatcherServlet' to [/]
2019-02-17 20:52:19,579 INFO [localhost-startStop-1] o.s.b.w.s.FilterRegistrationBean [AbstractFilterRegistrationBean.java:258] Mapping filter: 'characterEncodingFilter' to: [/*]
2019-02-17 20:52:19,580 INFO [localhost-startStop-1] o.s.b.w.s.FilterRegistrationBean [AbstractFilterRegistrationBean.java:258] Mapping filter: 'hiddenHttpMethodFilter' to: [/*]
2019-02-17 20:52:19,580 INFO [localhost-startStop-1] o.s.b.w.s.FilterRegistrationBean [AbstractFilterRegistrationBean.java:258] Mapping filter: 'httpPutFormContentFilter' to: [/*]
2019-02-17 20:52:19,580 INFO [localhost-startStop-1] o.s.b.w.s.FilterRegistrationBean [AbstractFilterRegistrationBean.java:258] Mapping filter: 'requestContextFilter' to: [/*]
2019-02-17 20:52:20,039 INFO [main] o.s.w.s.m.m.a.RequestMappingHandlerAdapter [RequestMappingHandlerAdapter.java:534] Looking for @ControllerAdvice: org.springframework.boot.context.embedded.AnnotationConfigEmbeddedWebApplicationContext@6a6cb05c: startup date [Sun Feb 17 20:52:16 CET 2019]; root of context hierarchy
2019-02-17 20:52:20,082 INFO [main] o.s.w.s.m.m.a.RequestMappingHandlerMapping [AbstractHandlerMethodMapping.java:543] Mapped "{[/error],produces=[text/html]}" onto public org.springframework.web.servlet.ModelAndView org.springframework.boot.autoconfigure.web.BasicErrorController.errorHtml(javax.servlet.http.HttpServletRequest,javax.servlet.http.HttpServletResponse)
2019-02-17 20:52:20,083 INFO [main] o.s.w.s.m.m.a.RequestMappingHandlerMapping [AbstractHandlerMethodMapping.java:543] Mapped "{[/error]}" onto public org.springframework.http.ResponseEntity<java.util.Map<java.lang.String, java.lang.Object>> org.springframework.boot.autoconfigure.web.BasicErrorController.error(javax.servlet.http.HttpServletRequest)
2019-02-17 20:52:20,107 INFO [main] o.s.w.s.h.SimpleUrlHandlerMapping [AbstractUrlHandlerMapping.java:362] Mapped URL path [/webjars/**] onto handler of type [class org.springframework.web.servlet.resource.ResourceHttpRequestHandler]
2019-02-17 20:52:20,107 INFO [main] o.s.w.s.h.SimpleUrlHandlerMapping [AbstractUrlHandlerMapping.java:362] Mapped URL path [/**] onto handler of type [class org.springframework.web.servlet.resource.ResourceHttpRequestHandler]
2019-02-17 20:52:20,137 INFO [main] o.s.w.s.h.SimpleUrlHandlerMapping [AbstractUrlHandlerMapping.java:362] Mapped URL path [/**/favicon.ico] onto handler of type [class org.springframework.web.servlet.resource.ResourceHttpRequestHandler]
2019-02-17 20:52:20,381 WARN [main] o.a.c.i.DefaultCamelBeanPostProcessor [DefaultCamelBeanPostProcessor.java:89] No CamelContext defined yet so cannot inject into bean: routesHealthCheckRepository
2019-02-17 20:52:20,502 INFO [main] o.a.c.i.c.DefaultTypeConverter [DefaultTypeConverter.java:66] Type converters loaded (core: 192, classpath: 4)
2019-02-17 20:52:21,094 INFO [main] o.s.j.e.a.AnnotationMBeanExporter [MBeanExporter.java:431] Registering beans for JMX exposure on startup
2019-02-17 20:52:21,119 INFO [main] o.s.c.s.DefaultLifecycleProcessor [DefaultLifecycleProcessor.java:343] Starting beans in phase 2147483647
2019-02-17 20:52:21,170 INFO [main] o.a.c.s.b.RoutesCollector [RoutesCollector.java:276] Loading additional Camel XML routes from: classpath:camel/*.xml
2019-02-17 20:52:21,171 INFO [main] o.a.c.s.b.RoutesCollector [RoutesCollector.java:290] Loading additional Camel XML rests from: classpath:camel-rest/*.xml
2019-02-17 20:52:21,183 INFO [main] o.a.c.s.SpringCamelContext [DefaultCamelContext.java:3146] Apache Camel 2.20.1 (CamelContext: camel-1) is starting
2019-02-17 20:52:21,185 INFO [main] o.a.c.m.ManagedManagementStrategy [ManagedManagementStrategy.java:205] JMX is enabled
2019-02-17 20:52:21,567 INFO [main] o.a.c.s.SpringCamelContext [DefaultCamelContext.java:3466] StreamCaching is not in use. If using streams then its recommended to enable stream caching. See more details at http://camel.apache.org/stream-caching.html
2019-02-17 20:52:21,817 INFO [main] o.a.c.s.SpringCamelContext [DefaultCamelContext.java:4026] Route: route1 started and consuming from: activemq://inputItemQueue
2019-02-17 20:52:21,825 INFO [main] o.a.c.s.SpringCamelContext [DefaultCamelContext.java:4026] Route: route2 started and consuming from: file://data/input?delete=true&readLock=none
2019-02-17 20:52:21,825 INFO [main] o.a.c.s.SpringCamelContext [DefaultCamelContext.java:3195] Total 2 routes, of which 2 are started
2019-02-17 20:52:21,826 INFO [main] o.a.c.s.SpringCamelContext [DefaultCamelContext.java:3207] Apache Camel 2.20.1 (CamelContext: camel-1) started in 0.645 seconds
2019-02-17 20:52:21,830 INFO [main] o.a.c.h.Http11NioProtocol [DirectJDKLog.java:179] Initializing ProtocolHandler ["http-nio-8080"]
2019-02-17 20:52:21,836 INFO [main] o.a.c.h.Http11NioProtocol [DirectJDKLog.java:179] Starting ProtocolHandler ["http-nio-8080"]
2019-02-17 20:52:21,840 INFO [main] o.a.t.u.n.NioSelectorPool [DirectJDKLog.java:179] Using a shared selector for servlet write/read
2019-02-17 20:52:21,883 INFO [main] o.s.b.c.e.t.TomcatEmbeddedServletContainer [TomcatEmbeddedServletContainer.java:201] Tomcat started on port(s): 8080 (http)
2019-02-17 20:52:21,890 INFO [main] c.l.l.LearncamelcomponentApplication [StartupInfoLogger.java:57] Started LearncamelcomponentApplication in 6.383 seconds (JVM running for 7.588)
2019-02-17 20:52:41,328 INFO [Camel (camel-1) thread #1 - JmsConsumer[inputItemQueue]] route1 [CamelLogger.java:159] timer invoked and the body DEV Environnement
2019-02-17 20:52:41,330 INFO [Camel (camel-1) thread #1 - JmsConsumer[inputItemQueue]] route1 [CamelLogger.java:159] read the body => Salut les moutons

2019-02-17 20:52:41,332 INFO [Camel (camel-1) thread #1 - JmsConsumer[inputItemQueue]]  [CamelLogger.java:159] Exchange[ExchangePattern: InOnly, BodyType: String, Body: Salut les moutons]
2019-02-17 20:52:41,332 INFO [Camel (camel-1) thread #1 - JmsConsumer[inputItemQueue]]  [CamelLogger.java:159] Exchange[ExchangePattern: InOnly, BodyType: String]
2019-02-17 20:55:46,811 INFO [Camel (camel-1) thread #1 - JmsConsumer[inputItemQueue]] route1 [CamelLogger.java:159] timer invoked and the body DEV Environnement
2019-02-17 20:55:46,811 INFO [Camel (camel-1) thread #1 - JmsConsumer[inputItemQueue]] route1 [CamelLogger.java:159] read the body => bonjour monsieur, ? 
comment ça va ? 
2019-02-17 20:55:46,811 INFO [Camel (camel-1) thread #1 - JmsConsumer[inputItemQueue]]  [CamelLogger.java:159] Exchange[ExchangePattern: InOnly, BodyType: String, Body: bonjour monsieur, ? comment ça va ? ]
2019-02-17 20:55:46,812 INFO [Camel (camel-1) thread #1 - JmsConsumer[inputItemQueue]]  [CamelLogger.java:159] Exchange[ExchangePattern: InOnly, BodyType: String]
2019-02-17 20:58:37,129 INFO [Camel (camel-1) thread #1 - JmsConsumer[inputItemQueue]] route1 [CamelLogger.java:159] timer invoked and the body DEV Environnement
2019-02-17 20:58:37,130 INFO [Camel (camel-1) thread #1 - JmsConsumer[inputItemQueue]] route1 [CamelLogger.java:159] read the body => hello les juifs
2019-02-17 20:58:37,131 INFO [Camel (camel-1) thread #1 - JmsConsumer[inputItemQueue]]  [CamelLogger.java:159] Exchange[ExchangePattern: InOnly, BodyType: String, Body: hello les juifs]
2019-02-17 20:58:37,131 INFO [Camel (camel-1) thread #1 - JmsConsumer[inputItemQueue]]  [CamelLogger.java:159] Exchange[ExchangePattern: InOnly, BodyType: String]
2019-02-17 20:59:27,984 INFO [Camel (camel-1) thread #1 - JmsConsumer[inputItemQueue]] route1 [CamelLogger.java:159] timer invoked and the body DEV Environnement
2019-02-17 20:59:27,985 INFO [Camel (camel-1) thread #1 - JmsConsumer[inputItemQueue]] route1 [CamelLogger.java:159] read the body => bonjour mec.
2019-02-17 20:59:27,986 INFO [Camel (camel-1) thread #1 - JmsConsumer[inputItemQueue]]  [CamelLogger.java:159] Exchange[ExchangePattern: InOnly, BodyType: String, Body: bonjour mec.]
2019-02-17 20:59:27,987 INFO [Camel (camel-1) thread #1 - JmsConsumer[inputItemQueue]]  [CamelLogger.java:159] Exchange[ExchangePattern: InOnly, BodyType: String]
2019-02-17 21:03:40,809 INFO [Camel (camel-1) thread #1 - JmsConsumer[inputItemQueue]] route1 [CamelLogger.java:159] timer invoked and the body DEV Environnement
2019-02-17 21:03:40,809 INFO [Camel (camel-1) thread #1 - JmsConsumer[inputItemQueue]] route1 [CamelLogger.java:159] read the body => "je suis un message 2"
2019-02-17 21:03:40,810 INFO [Camel (camel-1) thread #1 - JmsConsumer[inputItemQueue]]  [CamelLogger.java:159] Exchange[ExchangePattern: InOnly, BodyType: String, Body: "je suis un message 2"]
2019-02-17 21:03:40,810 INFO [Camel (camel-1) thread #1 - JmsConsumer[inputItemQueue]]  [CamelLogger.java:159] Exchange[ExchangePattern: InOnly, BodyType: String]
2019-02-17 21:05:04,294 INFO [Camel (camel-1) thread #1 - JmsConsumer[inputItemQueue]] route1 [CamelLogger.java:159] timer invoked and the body DEV Environnement
2019-02-17 21:05:04,294 INFO [Camel (camel-1) thread #1 - JmsConsumer[inputItemQueue]] route1 [CamelLogger.java:159] read the body => "je suis un message 2"
2019-02-17 21:05:04,295 INFO [Camel (camel-1) thread #1 - JmsConsumer[inputItemQueue]]  [CamelLogger.java:159] Exchange[ExchangePattern: InOnly, BodyType: String, Body: "je suis un message 2"]
2019-02-17 21:05:04,295 INFO [Camel (camel-1) thread #1 - JmsConsumer[inputItemQueue]]  [CamelLogger.java:159] Exchange[ExchangePattern: InOnly, BodyType: String]
2019-02-17 21:07:15,647 INFO [Camel (camel-1) thread #1 - JmsConsumer[inputItemQueue]] route1 [CamelLogger.java:159] timer invoked and the body DEV Environnement
2019-02-17 21:07:15,648 INFO [Camel (camel-1) thread #1 - JmsConsumer[inputItemQueue]] route1 [CamelLogger.java:159] read the body => "je suis un message 2"
2019-02-17 21:07:15,648 INFO [Camel (camel-1) thread #1 - JmsConsumer[inputItemQueue]]  [CamelLogger.java:159] Exchange[ExchangePattern: InOnly, BodyType: String, Body: "je suis un message 2"]
2019-02-17 21:07:15,649 INFO [Camel (camel-1) thread #1 - JmsConsumer[inputItemQueue]]  [CamelLogger.java:159] Exchange[ExchangePattern: InOnly, BodyType: String]
2019-02-17 22:47:49,053 INFO [Camel (camel-1) thread #1 - JmsConsumer[inputItemQueue]] route1 [CamelLogger.java:159] timer invoked and the body DEV Environnement
2019-02-17 22:47:49,099 INFO [Camel (camel-1) thread #1 - JmsConsumer[inputItemQueue]] route1 [CamelLogger.java:159] read the body => ceci est un message bordel.

2019-02-17 22:47:49,100 INFO [Camel (camel-1) thread #1 - JmsConsumer[inputItemQueue]]  [CamelLogger.java:159] Exchange[ExchangePattern: InOnly, BodyType: byte[], Body: ceci est un message bordel.]
2019-02-17 22:47:49,101 INFO [Camel (camel-1) thread #1 - JmsConsumer[inputItemQueue]]  [CamelLogger.java:159] Exchange[ExchangePattern: InOnly, BodyType: byte[]]
2019-02-17 23:59:12,189 INFO [Camel (camel-1) thread #1 - JmsConsumer[inputItemQueue]] route1 [CamelLogger.java:159] timer invoked and the body DEV Environnement
2019-02-17 23:59:12,227 INFO [Camel (camel-1) thread #1 - JmsConsumer[inputItemQueue]] route1 [CamelLogger.java:159] read the body => "je suis un message 22"
2019-02-17 23:59:12,227 INFO [Camel (camel-1) thread #1 - JmsConsumer[inputItemQueue]]  [CamelLogger.java:159] Exchange[ExchangePattern: InOnly, BodyType: String, Body: "je suis un message 22"]
2019-02-17 23:59:12,227 INFO [Camel (camel-1) thread #1 - JmsConsumer[inputItemQueue]]  [CamelLogger.java:159] Exchange[ExchangePattern: InOnly, BodyType: String]
